0 info it worked if it ends with ok
1 verbose cli [ '/usr/local/bin/node', '/usr/local/bin/npm', 'publish' ]
2 info using npm@1.4.6
3 info using node@v0.11.13-pre
4 verbose publish [ '.' ]
5 verbose cache add [ '.', null ]
6 verbose cache add name=undefined spec="." args=[".",null]
7 verbose parsed url { protocol: null,
7 verbose parsed url   slashes: null,
7 verbose parsed url   auth: null,
7 verbose parsed url   host: null,
7 verbose parsed url   port: null,
7 verbose parsed url   hostname: null,
7 verbose parsed url   hash: null,
7 verbose parsed url   search: null,
7 verbose parsed url   query: null,
7 verbose parsed url   pathname: '.',
7 verbose parsed url   path: '.',
7 verbose parsed url   href: '.' }
8 silly lockFile 3a52ce78- .
9 verbose lock . /home/rolandsharp/.npm/3a52ce78-.lock
10 verbose tar pack [ '/home/rolandsharp/tmp/npm-5370-09uHNFdI/1402811004631-0.28200381505303085/tmp.tgz',
10 verbose tar pack   '.' ]
11 verbose tarball /home/rolandsharp/tmp/npm-5370-09uHNFdI/1402811004631-0.28200381505303085/tmp.tgz
12 verbose folder .
13 info prepublish resume-to-text@0.0.1
14 silly lockFile 1f1177db-tar tar://.
15 verbose lock tar://. /home/rolandsharp/.npm/1f1177db-tar.lock
16 silly lockFile 647f85db-4631-0-28200381505303085-tmp-tgz tar:///home/rolandsharp/tmp/npm-5370-09uHNFdI/1402811004631-0.28200381505303085/tmp.tgz
17 verbose lock tar:///home/rolandsharp/tmp/npm-5370-09uHNFdI/1402811004631-0.28200381505303085/tmp.tgz /home/rolandsharp/.npm/647f85db-4631-0-28200381505303085-tmp-tgz.lock
18 silly lockFile 1f1177db-tar tar://.
19 silly lockFile 1f1177db-tar tar://.
20 silly lockFile 647f85db-4631-0-28200381505303085-tmp-tgz tar:///home/rolandsharp/tmp/npm-5370-09uHNFdI/1402811004631-0.28200381505303085/tmp.tgz
21 silly lockFile 647f85db-4631-0-28200381505303085-tmp-tgz tar:///home/rolandsharp/tmp/npm-5370-09uHNFdI/1402811004631-0.28200381505303085/tmp.tgz
22 verbose tar unpack /home/rolandsharp/tmp/npm-5370-09uHNFdI/1402811004631-0.28200381505303085/tmp.tgz
23 silly lockFile 37f4ef52-4631-0-28200381505303085-package tar:///home/rolandsharp/tmp/npm-5370-09uHNFdI/1402811004631-0.28200381505303085/package
24 verbose lock tar:///home/rolandsharp/tmp/npm-5370-09uHNFdI/1402811004631-0.28200381505303085/package /home/rolandsharp/.npm/37f4ef52-4631-0-28200381505303085-package.lock
25 silly lockFile 647f85db-4631-0-28200381505303085-tmp-tgz tar:///home/rolandsharp/tmp/npm-5370-09uHNFdI/1402811004631-0.28200381505303085/tmp.tgz
26 verbose lock tar:///home/rolandsharp/tmp/npm-5370-09uHNFdI/1402811004631-0.28200381505303085/tmp.tgz /home/rolandsharp/.npm/647f85db-4631-0-28200381505303085-tmp-tgz.lock
27 silly gunzTarPerm modes [ '755', '644' ]
28 silly gunzTarPerm extractEntry package.json
29 silly gunzTarPerm modified mode [ 'package.json', 436, 420 ]
30 silly gunzTarPerm extractEntry README.md
31 silly gunzTarPerm modified mode [ 'README.md', 436, 420 ]
32 silly gunzTarPerm extractEntry resume.js
33 silly gunzTarPerm modified mode [ 'resume.js', 436, 420 ]
34 silly gunzTarPerm extractEntry resumeToText.js
35 silly gunzTarPerm modified mode [ 'resumeToText.js', 438, 420 ]
36 silly gunzTarPerm extractEntry layout.template
37 silly gunzTarPerm modified mode [ 'layout.template', 436, 420 ]
38 silly gunzTarPerm extractEntry ryankirkman.json
39 silly gunzTarPerm modified mode [ 'ryankirkman.json', 436, 420 ]
40 silly gunzTarPerm extractEntry thomasdavis.html
41 silly gunzTarPerm modified mode [ 'thomasdavis.html', 436, 420 ]
42 silly gunzTarPerm extractEntry thomasdavis.json
43 silly gunzTarPerm modified mode [ 'thomasdavis.json', 436, 420 ]
44 silly lockFile 37f4ef52-4631-0-28200381505303085-package tar:///home/rolandsharp/tmp/npm-5370-09uHNFdI/1402811004631-0.28200381505303085/package
45 silly lockFile 37f4ef52-4631-0-28200381505303085-package tar:///home/rolandsharp/tmp/npm-5370-09uHNFdI/1402811004631-0.28200381505303085/package
46 silly lockFile 647f85db-4631-0-28200381505303085-tmp-tgz tar:///home/rolandsharp/tmp/npm-5370-09uHNFdI/1402811004631-0.28200381505303085/tmp.tgz
47 silly lockFile 647f85db-4631-0-28200381505303085-tmp-tgz tar:///home/rolandsharp/tmp/npm-5370-09uHNFdI/1402811004631-0.28200381505303085/tmp.tgz
48 verbose tar pack [ '/home/rolandsharp/.npm/resume-to-text/0.0.1/package.tgz',
48 verbose tar pack   '/home/rolandsharp/tmp/npm-5370-09uHNFdI/1402811004631-0.28200381505303085/package' ]
49 verbose tarball /home/rolandsharp/.npm/resume-to-text/0.0.1/package.tgz
50 verbose folder /home/rolandsharp/tmp/npm-5370-09uHNFdI/1402811004631-0.28200381505303085/package
51 silly lockFile 37f4ef52-4631-0-28200381505303085-package tar:///home/rolandsharp/tmp/npm-5370-09uHNFdI/1402811004631-0.28200381505303085/package
52 verbose lock tar:///home/rolandsharp/tmp/npm-5370-09uHNFdI/1402811004631-0.28200381505303085/package /home/rolandsharp/.npm/37f4ef52-4631-0-28200381505303085-package.lock
53 silly lockFile 71da8a0d-resume-to-text-0-0-1-package-tgz tar:///home/rolandsharp/.npm/resume-to-text/0.0.1/package.tgz
54 verbose lock tar:///home/rolandsharp/.npm/resume-to-text/0.0.1/package.tgz /home/rolandsharp/.npm/71da8a0d-resume-to-text-0-0-1-package-tgz.lock
55 silly lockFile 37f4ef52-4631-0-28200381505303085-package tar:///home/rolandsharp/tmp/npm-5370-09uHNFdI/1402811004631-0.28200381505303085/package
56 silly lockFile 37f4ef52-4631-0-28200381505303085-package tar:///home/rolandsharp/tmp/npm-5370-09uHNFdI/1402811004631-0.28200381505303085/package
57 silly lockFile 71da8a0d-resume-to-text-0-0-1-package-tgz tar:///home/rolandsharp/.npm/resume-to-text/0.0.1/package.tgz
58 silly lockFile 71da8a0d-resume-to-text-0-0-1-package-tgz tar:///home/rolandsharp/.npm/resume-to-text/0.0.1/package.tgz
59 silly lockFile 23e1624f-npm-resume-to-text-0-0-1-package /home/rolandsharp/.npm/resume-to-text/0.0.1/package
60 verbose lock /home/rolandsharp/.npm/resume-to-text/0.0.1/package /home/rolandsharp/.npm/23e1624f-npm-resume-to-text-0-0-1-package.lock
61 silly lockFile 23e1624f-npm-resume-to-text-0-0-1-package /home/rolandsharp/.npm/resume-to-text/0.0.1/package
62 silly lockFile 23e1624f-npm-resume-to-text-0-0-1-package /home/rolandsharp/.npm/resume-to-text/0.0.1/package
63 verbose tar unpack /home/rolandsharp/.npm/resume-to-text/0.0.1/package.tgz
64 silly lockFile 67fbb3b0-npm-resume-to-text-0-0-1-package tar:///home/rolandsharp/.npm/resume-to-text/0.0.1/package
65 verbose lock tar:///home/rolandsharp/.npm/resume-to-text/0.0.1/package /home/rolandsharp/.npm/67fbb3b0-npm-resume-to-text-0-0-1-package.lock
66 silly lockFile 71da8a0d-resume-to-text-0-0-1-package-tgz tar:///home/rolandsharp/.npm/resume-to-text/0.0.1/package.tgz
67 verbose lock tar:///home/rolandsharp/.npm/resume-to-text/0.0.1/package.tgz /home/rolandsharp/.npm/71da8a0d-resume-to-text-0-0-1-package-tgz.lock
68 silly gunzTarPerm modes [ '755', '644' ]
69 silly gunzTarPerm extractEntry package.json
70 silly gunzTarPerm extractEntry README.md
71 silly gunzTarPerm extractEntry resume.js
72 silly gunzTarPerm extractEntry resumeToText.js
73 silly gunzTarPerm extractEntry layout.template
74 silly gunzTarPerm extractEntry ryankirkman.json
75 silly gunzTarPerm extractEntry thomasdavis.html
76 silly gunzTarPerm extractEntry thomasdavis.json
77 silly lockFile 67fbb3b0-npm-resume-to-text-0-0-1-package tar:///home/rolandsharp/.npm/resume-to-text/0.0.1/package
78 silly lockFile 67fbb3b0-npm-resume-to-text-0-0-1-package tar:///home/rolandsharp/.npm/resume-to-text/0.0.1/package
79 silly lockFile 71da8a0d-resume-to-text-0-0-1-package-tgz tar:///home/rolandsharp/.npm/resume-to-text/0.0.1/package.tgz
80 silly lockFile 71da8a0d-resume-to-text-0-0-1-package-tgz tar:///home/rolandsharp/.npm/resume-to-text/0.0.1/package.tgz
81 verbose chmod /home/rolandsharp/.npm/resume-to-text/0.0.1/package.tgz 644
82 verbose chown /home/rolandsharp/.npm/resume-to-text/0.0.1/package.tgz [ 1001, 1001 ]
83 silly lockFile 3a52ce78- .
84 silly lockFile 3a52ce78- .
85 silly publish { name: 'resume-to-text',
85 silly publish   version: '0.0.1',
85 silly publish   description: 'resumes ======= http://microformats.org/wiki/hresume',
85 silly publish   main: 'resumeToText.js',
85 silly publish   scripts: { test: 'echo "Error: no test specified" && exit 1' },
85 silly publish   repository:
85 silly publish    { type: 'git',
85 silly publish      url: 'git://github.com/rolandnsharp/resumeToText.git' },
85 silly publish   author: '',
85 silly publish   license: 'ISC',
85 silly publish   bugs: { url: 'https://github.com/rolandnsharp/resumeToText/issues' },
85 silly publish   homepage: 'https://github.com/rolandnsharp/resumeToText',
85 silly publish   dependencies: { mustache: '^0.8.1' },
85 silly publish   readme: 'resumes\n=======\nhttp://microformats.org/wiki/hresume\n\n\n## Getting started\n\n```\nnode resume.js thomasdavis.json thomasdavis.html\n```\n\nEveryone just work on that resume and print out the html and shit and leave comments and get an idea of shit blah\n',
85 silly publish   readmeFilename: 'README.md',
85 silly publish   _id: 'resume-to-text@0.0.1',
85 silly publish   dist: { shasum: '11bcddd382427549e3579e86ee313cff368efb37' },
85 silly publish   _from: '.' }
86 verbose url raw resume-to-text
87 verbose url resolving [ 'https://registry.npmjs.org/', './resume-to-text' ]
88 verbose url resolved https://registry.npmjs.org/resume-to-text
89 info trying registry request attempt 1 at 15:43:24
90 http PUT https://registry.npmjs.org/resume-to-text
91 http 403 https://registry.npmjs.org/resume-to-text
92 error publish Failed PUT 403
93 error Error: forbidden cannot modify pre-existing version: 0.0.1
93 error old={"name":"resume-to-text","version":"0.0.1","description":"resumes ======= http://microformats.org/wiki/hresume","main":"resumeToText.js","scripts":{"test":"echo \"Error: no test specified\" && exit 1"},"repository":{"type":"git","url":"git://github.com/rolandnsharp/resumeToText.git"},"author":"","license":"ISC","bugs":{"url":"https://github.com/rolandnsharp/resumeToText/issues"},"homepage":"https://github.com/rolandnsharp/resumeToText","dependencies":{"mustache":"^0.8.1"},"_id":"resume-to-text@0.0.1","dist":{"shasum":"ef74e608485f01b09aceae7df77baa045e8cacc5","tarball":"http://registry.npmjs.org/resume-to-text/-/resume-to-text-0.0.1.tgz"},"_from":".","_npmVersion":"1.4.6","_npmUser":{"name":"rolandnsharp","email":"rolandnsharp@gmail.com"},"maintainers":[{"name":"rolandnsharp","email":"rolandnsharp@gmail.com"}]}
93 error new={"name":"resume-to-text","version":"0.0.1","description":"resumes ======= http://microformats.org/wiki/hresume","main":"resumeToText.js","scripts":{"test":"echo \"Error: no test specified\" && exit 1"},"repository":{"type":"git","url":"git://github.com/rolandnsharp/resumeToText.git"},"author":"","license":"ISC","bugs":{"url":"https://github.com/rolandnsharp/resumeToText/issues"},"homepage":"https://github.com/rolandnsharp/resumeToText","dependencies":{"mustache":"^0.8.1"},"readme":"resumes\u000a=======\u000ahttp://microformats.org/wiki/hresume\u000a\u000a\u000a## Getting started\u000a\u000a```\u000anode resume.js thomasdavis.json thomasdavis.html\u000a```\u000a\u000aEveryone just work on that resume and print out the html and shit and leave comments and get an idea of shit blah\u000a","readmeFilename":"README.md","_id":"resume-to-text@0.0.1","dist":{"shasum":"11bcddd382427549e3579e86ee313cff368efb37","tarball":"http://registry.npmjs.org/resume-to-text/-/resume-to-text-0.0.1.tgz"},"_from":".","_npmVersion":"1.4.6","_npmUser":{"name":"rolandnsharp","email":"rolandnsharp@gmail.com"},"maintainers":[{"name":"rolandnsharp","email":"rolandnsharp@gmail.com"}]}: resume-to-text
93 error     at RegClient.<anonymous> (/usr/local/lib/node_modules/npm/node_modules/npm-registry-client/lib/request.js:254:14)
93 error     at Request._callback (/usr/local/lib/node_modules/npm/node_modules/npm-registry-client/lib/request.js:192:65)
93 error     at Request.self.callback (/usr/local/lib/node_modules/npm/node_modules/request/request.js:123:22)
93 error     at Request.EventEmitter.emit (events.js:107:17)
93 error     at Request.<anonymous> (/usr/local/lib/node_modules/npm/node_modules/request/request.js:893:14)
93 error     at Request.EventEmitter.emit (events.js:126:20)
93 error     at IncomingMessage.<anonymous> (/usr/local/lib/node_modules/npm/node_modules/request/request.js:844:12)
93 error     at IncomingMessage.EventEmitter.emit (events.js:126:20)
93 error     at _stream_readable.js:895:16
93 error     at process._tickCallback (node.js:343:11)
94 error If you need help, you may report this *entire* log,
94 error including the npm and node versions, at:
94 error     <http://github.com/npm/npm/issues>
95 error System Linux 3.11.0-23-generic
96 error command "/usr/local/bin/node" "/usr/local/bin/npm" "publish"
97 error cwd /home/rolandsharp/github/resumeToText
98 error node -v v0.11.13-pre
99 error npm -v 1.4.6
100 verbose exit [ 1, true ]
